<?xml version="1.0" encoding="UTF-8"?>
<!-- Generated by org.testng.reporters.JUnitXMLReporter -->
<testsuite ignored="2" hostname="HP" failures="0" tests="2" name="firefox(failed)" time="84.406" errors="0" timestamp="2022-05-24T11:44:36 IST">
  <testcase classname="com.vtiger.campaignsTest.CreateCampaignsAWProductNameTest" name="createCampaignsAWProductNameTest" time="33.326"/>
  <testcase classname="com.vtiger.documentsTest.CreateDocumentTest" name="createDocumentTest" time="11.104"/>
  <testcase classname="com.SDET34L1.genericUtility.BaseClass" name="@BeforeSuite beforesuitTest" time="0.0">
    <ignored/>
  </testcase> <!-- @BeforeSuite beforesuitTest -->
  <testcase classname="com.SDET34L1.genericUtility.BaseClass" name="@AfterSuite aftersuiteTest" time="0.0">
    <ignored/>
  </testcase> <!-- @AfterSuite aftersuiteTest -->
</testsuite> <!-- firefox(failed) -->
